[30-Apr-2024 06:12:37 UTC] PHP Warning:  Undefined array key "about_us_pop_up_photo" in /home/pivov034/dev.qwerty-soft.com/wp-content/themes/qwerty-soft/front-page.php on line 162
[30-Apr-2024 06:12:37 UTC] PHP Warning:  Undefined array key "about_us_pop_up_photo" in /home/pivov034/dev.qwerty-soft.com/wp-content/themes/qwerty-soft/front-page.php on line 162
[30-Apr-2024 06:12:37 UTC] PHP Warning:  Undefined array key "about_us_pop_up_photo" in /home/pivov034/dev.qwerty-soft.com/wp-content/themes/qwerty-soft/front-page.php on line 162
[30-Apr-2024 06:12:37 UTC] PHP Warning:  Undefined array key "about_us_pop_up_photo" in /home/pivov034/dev.qwerty-soft.com/wp-content/themes/qwerty-soft/front-page.php on line 162
[30-Apr-2024 06:12:37 UTC] PHP Warning:  Undefined array key "about_us_pop_up_photo" in /home/pivov034/dev.qwerty-soft.com/wp-content/themes/qwerty-soft/front-page.php on line 162
[30-Apr-2024 06:12:37 UTC] PHP Notice:  ob_end_flush(): Failed to send buffer of zlib output compression (1) in /home/pivov034/dev.qwerty-soft.com/wp-includes/functions.php on line 5420
[30-Apr-2024 06:12:37 UTC] PHP Notice:  ob_end_flush(): Failed to send buffer of zlib output compression (1) in /home/pivov034/dev.qwerty-soft.com/wp-includes/functions.php on line 5420
[30-Apr-2024 06:12:37 UTC] PHP Notice:  ob_end_flush(): Failed to send buffer of zlib output compression (1) in /home/pivov034/dev.qwerty-soft.com/wp-includes/functions.php on line 5420
[30-Apr-2024 06:12:37 UTC] PHP Notice:  ob_end_flush(): Failed to send buffer of zlib output compression (1) in /home/pivov034/dev.qwerty-soft.com/wp-includes/functions.php on line 5420
[30-Apr-2024 06:12:43 UTC] PHP Notice:  ob_end_flush(): Failed to send buffer of zlib output compression (1) in /home/pivov034/dev.qwerty-soft.com/wp-includes/functions.php on line 5420
[30-Apr-2024 06:12:43 UTC] PHP Notice:  ob_end_flush(): Failed to send buffer of zlib output compression (1) in /home/pivov034/dev.qwerty-soft.com/wp-includes/functions.php on line 5420
[30-Apr-2024 06:12:46 UTC] PHP Warning:  Undefined array key "about_us_pop_up_photo" in /home/pivov034/dev.qwerty-soft.com/wp-content/themes/qwerty-soft/front-page.php on line 162
[30-Apr-2024 06:12:46 UTC] PHP Warning:  Undefined array key "about_us_pop_up_photo" in /home/pivov034/dev.qwerty-soft.com/wp-content/themes/qwerty-soft/front-page.php on line 162
[30-Apr-2024 06:12:46 UTC] PHP Warning:  Undefined array key "about_us_pop_up_photo" in /home/pivov034/dev.qwerty-soft.com/wp-content/themes/qwerty-soft/front-page.php on line 162
[30-Apr-2024 06:12:46 UTC] PHP Warning:  Undefined array key "about_us_pop_up_photo" in /home/pivov034/dev.qwerty-soft.com/wp-content/themes/qwerty-soft/front-page.php on line 162
[30-Apr-2024 06:12:46 UTC] PHP Warning:  Undefined array key "about_us_pop_up_photo" in /home/pivov034/dev.qwerty-soft.com/wp-content/themes/qwerty-soft/front-page.php on line 162
[30-Apr-2024 06:12:46 UTC] PHP Notice:  ob_end_flush(): Failed to send buffer of zlib output compression (1) in /home/pivov034/dev.qwerty-soft.com/wp-includes/functions.php on line 5420
[30-Apr-2024 06:12:46 UTC] PHP Notice:  ob_end_flush(): Failed to send buffer of zlib output compression (1) in /home/pivov034/dev.qwerty-soft.com/wp-includes/functions.php on line 5420
[30-Apr-2024 06:12:46 UTC] PHP Warning:  Undefined array key "about_us_pop_up_photo" in /home/pivov034/dev.qwerty-soft.com/wp-content/themes/qwerty-soft/front-page.php on line 162
[30-Apr-2024 06:12:46 UTC] PHP Warning:  Undefined array key "about_us_pop_up_photo" in /home/pivov034/dev.qwerty-soft.com/wp-content/themes/qwerty-soft/front-page.php on line 162
[30-Apr-2024 06:12:46 UTC] PHP Warning:  Undefined array key "about_us_pop_up_photo" in /home/pivov034/dev.qwerty-soft.com/wp-content/themes/qwerty-soft/front-page.php on line 162
[30-Apr-2024 06:12:46 UTC] PHP Warning:  Undefined array key "about_us_pop_up_photo" in /home/pivov034/dev.qwerty-soft.com/wp-content/themes/qwerty-soft/front-page.php on line 162
[30-Apr-2024 06:12:46 UTC] PHP Warning:  Undefined array key "about_us_pop_up_photo" in /home/pivov034/dev.qwerty-soft.com/wp-content/themes/qwerty-soft/front-page.php on line 162
[30-Apr-2024 06:12:46 UTC] PHP Notice:  ob_end_flush(): Failed to send buffer of zlib output compression (1) in /home/pivov034/dev.qwerty-soft.com/wp-includes/functions.php on line 5420
[30-Apr-2024 06:12:46 UTC] PHP Notice:  ob_end_flush(): Failed to send buffer of zlib output compression (1) in /home/pivov034/dev.qwerty-soft.com/wp-includes/functions.php on line 5420
[30-Apr-2024 06:12:47 UTC] PHP Warning:  Undefined array key "about_us_pop_up_photo" in /home/pivov034/dev.qwerty-soft.com/wp-content/themes/qwerty-soft/front-page.php on line 162
[30-Apr-2024 06:12:47 UTC] PHP Warning:  Undefined array key "about_us_pop_up_photo" in /home/pivov034/dev.qwerty-soft.com/wp-content/themes/qwerty-soft/front-page.php on line 162
[30-Apr-2024 06:12:47 UTC] PHP Warning:  Undefined array key "about_us_pop_up_photo" in /home/pivov034/dev.qwerty-soft.com/wp-content/themes/qwerty-soft/front-page.php on line 162
[30-Apr-2024 06:12:47 UTC] PHP Warning:  Undefined array key "about_us_pop_up_photo" in /home/pivov034/dev.qwerty-soft.com/wp-content/themes/qwerty-soft/front-page.php on line 162
[30-Apr-2024 06:12:47 UTC] PHP Warning:  Undefined array key "about_us_pop_up_photo" in /home/pivov034/dev.qwerty-soft.com/wp-content/themes/qwerty-soft/front-page.php on line 162
[30-Apr-2024 06:12:47 UTC] PHP Notice:  ob_end_flush(): Failed to send buffer of zlib output compression (1) in /home/pivov034/dev.qwerty-soft.com/wp-includes/functions.php on line 5420
[30-Apr-2024 06:12:47 UTC] PHP Notice:  ob_end_flush(): Failed to send buffer of zlib output compression (1) in /home/pivov034/dev.qwerty-soft.com/wp-includes/functions.php on line 5420
[30-Apr-2024 06:12:48 UTC] PHP Warning:  Undefined array key "about_us_pop_up_photo" in /home/pivov034/dev.qwerty-soft.com/wp-content/themes/qwerty-soft/front-page.php on line 162
[30-Apr-2024 06:12:48 UTC] PHP Warning:  Undefined array key "about_us_pop_up_photo" in /home/pivov034/dev.qwerty-soft.com/wp-content/themes/qwerty-soft/front-page.php on line 162
[30-Apr-2024 06:12:48 UTC] PHP Warning:  Undefined array key "about_us_pop_up_photo" in /home/pivov034/dev.qwerty-soft.com/wp-content/themes/qwerty-soft/front-page.php on line 162
[30-Apr-2024 06:12:48 UTC] PHP Warning:  Undefined array key "about_us_pop_up_photo" in /home/pivov034/dev.qwerty-soft.com/wp-content/themes/qwerty-soft/front-page.php on line 162
[30-Apr-2024 06:12:48 UTC] PHP Warning:  Undefined array key "about_us_pop_up_photo" in /home/pivov034/dev.qwerty-soft.com/wp-content/themes/qwerty-soft/front-page.php on line 162
[30-Apr-2024 06:12:48 UTC] PHP Notice:  ob_end_flush(): Failed to send buffer of zlib output compression (1) in /home/pivov034/dev.qwerty-soft.com/wp-includes/functions.php on line 5420
[30-Apr-2024 06:12:48 UTC] PHP Notice:  ob_end_flush(): Failed to send buffer of zlib output compression (1) in /home/pivov034/dev.qwerty-soft.com/wp-includes/functions.php on line 5420
[30-Apr-2024 06:12:56 UTC] PHP Notice:  ob_end_flush(): Failed to send buffer of zlib output compression (1) in /home/pivov034/dev.qwerty-soft.com/wp-includes/functions.php on line 5420
[30-Apr-2024 06:12:56 UTC] PHP Notice:  ob_end_flush(): Failed to send buffer of zlib output compression (1) in /home/pivov034/dev.qwerty-soft.com/wp-includes/functions.php on line 5420
[30-Apr-2024 06:12:58 UTC] PHP Notice:  ob_end_flush(): Failed to send buffer of zlib output compression (1) in /home/pivov034/dev.qwerty-soft.com/wp-includes/functions.php on line 5420
[30-Apr-2024 06:12:58 UTC] PHP Notice:  ob_end_flush(): Failed to send buffer of zlib output compression (1) in /home/pivov034/dev.qwerty-soft.com/wp-includes/functions.php on line 5420
[30-Apr-2024 06:13:02 UTC] PHP Notice:  ob_end_flush(): Failed to send buffer of zlib output compression (1) in /home/pivov034/dev.qwerty-soft.com/wp-includes/functions.php on line 5420
[30-Apr-2024 06:13:02 UTC] PHP Notice:  ob_end_flush(): Failed to send buffer of zlib output compression (1) in /home/pivov034/dev.qwerty-soft.com/wp-includes/functions.php on line 5420
[30-Apr-2024 06:13:31 UTC] PHP Deprecated:  strip_tags(): Passing null to parameter #1 ($string) of type string is deprecated in /home/pivov034/dev.qwerty-soft.com/wp-admin/admin-header.php on line 36
[30-Apr-2024 06:13:31 UTC] PHP Notice:  ob_end_flush(): Failed to send buffer of zlib output compression (1) in /home/pivov034/dev.qwerty-soft.com/wp-includes/functions.php on line 5420
[30-Apr-2024 06:13:31 UTC] PHP Notice:  ob_end_flush(): Failed to send buffer of zlib output compression (1) in /home/pivov034/dev.qwerty-soft.com/wp-includes/functions.php on line 5420
[30-Apr-2024 06:13:32 UTC] PHP Notice:  ob_end_flush(): Failed to send buffer of zlib output compression (1) in /home/pivov034/dev.qwerty-soft.com/wp-includes/functions.php on line 5420
[30-Apr-2024 06:13:32 UTC] PHP Notice:  ob_end_flush(): Failed to send buffer of zlib output compression (1) in /home/pivov034/dev.qwerty-soft.com/wp-includes/functions.php on line 5420
[30-Apr-2024 06:13:33 UTC] Cron reschedule event error for hook: wpseo-reindex, Error code: could_not_set, Error message: The cron event list could not be saved., Data: {"schedule":"daily","args":[],"interval":86400}
[30-Apr-2024 06:13:36 UTC] PHP Notice:  ob_end_flush(): Failed to send buffer of zlib output compression (1) in /home/pivov034/dev.qwerty-soft.com/wp-includes/functions.php on line 5420
[30-Apr-2024 06:13:36 UTC] PHP Notice:  ob_end_flush(): Failed to send buffer of zlib output compression (1) in /home/pivov034/dev.qwerty-soft.com/wp-includes/functions.php on line 5420
[30-Apr-2024 06:13:48 UTC] PHP Warning:  Undefined array key "about_us_pop_up_photo" in /home/pivov034/dev.qwerty-soft.com/wp-content/themes/qwerty-soft/front-page.php on line 162
[30-Apr-2024 06:13:48 UTC] PHP Warning:  Undefined array key "about_us_pop_up_photo" in /home/pivov034/dev.qwerty-soft.com/wp-content/themes/qwerty-soft/front-page.php on line 162
[30-Apr-2024 06:13:48 UTC] PHP Warning:  Undefined array key "about_us_pop_up_photo" in /home/pivov034/dev.qwerty-soft.com/wp-content/themes/qwerty-soft/front-page.php on line 162
[30-Apr-2024 06:13:48 UTC] PHP Warning:  Undefined array key "about_us_pop_up_photo" in /home/pivov034/dev.qwerty-soft.com/wp-content/themes/qwerty-soft/front-page.php on line 162
[30-Apr-2024 06:13:48 UTC] PHP Warning:  Undefined array key "about_us_pop_up_photo" in /home/pivov034/dev.qwerty-soft.com/wp-content/themes/qwerty-soft/front-page.php on line 162
[30-Apr-2024 06:13:48 UTC] PHP Notice:  ob_end_flush(): Failed to send buffer of zlib output compression (1) in /home/pivov034/dev.qwerty-soft.com/wp-includes/functions.php on line 5420
[30-Apr-2024 06:13:48 UTC] PHP Notice:  ob_end_flush(): Failed to send buffer of zlib output compression (1) in /home/pivov034/dev.qwerty-soft.com/wp-includes/functions.php on line 5420
[30-Apr-2024 06:13:48 UTC] Cron reschedule event error for hook: action_scheduler_run_queue, Error code: invalid_schedule, Error message: Event schedule does not exist., Data: {"schedule":"every_minute","args":["WP Cron"],"interval":60}
